build/app/outputs/mapping/release/seeds.txt
com.example.demo1212.MainActivity: MainActivity()
com.example.demo1212.MainActivity
...
androidx.window.java.layout.WindowInfoTrackerCallbackAdapter$addListener$1$1: java.lang.Object invokeSuspend(java.lang.Object)
androidx.window.layout.SidecarCompat$registerConfigurationChangeListener$configChangeObserver$1
kotlinx.coroutines.scheduling.CoroutineScheduler
androidx.core.app.RemoteActionCompatParcelizer: androidx.core.app.RemoteActionCompat read(androidx.versionedparcelable.VersionedParcel)
androidx.window.layout.FoldingFeature$Orientation$Companion
kotlin.jvm.internal.FunctionReference: FunctionReference(int)
androidx.window.embedding.EmbeddingTranslatingCallback
kotlinx.coroutines.internal.LockFreeTaskQueue: java.lang.Object _cur
com.google.android.exoplayer2.metadata.id3.InternalFrame: android.os.Parcelable$Creator CREATOR
io.flutter.embedding.engine.mutatorsstack.FlutterMutatorsStack: void pushClipRRect(int,int,int,int,float[])
androidx.window.layout.SidecarCompat: void register(android.os.IBinder,android.app.Activity)
androidx.window.R$styleable: int SplitPairFilter_secondaryActivityAction
androidx.media.AudioAttributesImplApi21Parcelizer: void write(androidx.media.AudioAttributesImplApi21,androidx.versionedparcelable.VersionedParcel)
io.flutter.embedding.engine.FlutterJNI: java.lang.String getObservatoryUri()
io.flutter.embedding.engine.systemchannels.PlatformChannel$SystemUiMode: io.flutter.embedding.engine.systemchannels.PlatformChannel$SystemUiMode[] values()
com.google.android.exoplayer2.ui.StyledPlayerView: void setShowNextButton(boolean)
kotlin.coroutines.jvm.internal.ContinuationImpl: kotlin.coroutines.Continuation intercepted
com.google.android.exoplayer2.ui.StyledPlayerView: void setControllerShowTimeoutMs(int)
kotlinx.coroutines.android.AndroidExceptionPreHandler: java.lang.reflect.Method preHandler()
androidx.activity.OnBackPressedDispatcher$LifecycleOnBackPressedCancellable
com.github.florent37.assets_audio_player.notification.CustomMediaButtonReceiver
io.flutter.embedding.android.RenderMode: io.flutter.embedding.android.RenderMode[] values()
kotlinx.coroutines.scheduling.WorkQueue: int producerIndex
com.google.android.exoplayer2.ui.PlayerView: void setCustomErrorMessage(java.lang.CharSequence)
com.github.florent37.assets_audio_player.notification.NotificationActionReceiver
io.flutter.view.AccessibilityViewEmbedder: android.view.accessibility.AccessibilityNodeInfo createAccessibilityNodeInfo(int)
io.flutter.view.AccessibilityViewEmbedder: boolean requestSendAccessibilityEvent(android.view.View,android.view.View,android.view.accessibility.AccessibilityEvent)
androidx.window.layout.SidecarWindowBackend$WindowLayoutChangeCallbackWrapper: void setLastInfo(androidx.window.layout.WindowLayoutInfo)
androidx.recyclerview.widget.RecyclerView: void setItemViewCacheSize(int)
androidx.window.layout.WindowMetricsCalculator$Companion$reset$1: WindowMetricsCalculator$Companion$reset$1()
androidx.window.layout.SidecarCompat: java.lang.String TAG
androidx.window.core.Version: androidx.window.core.Version access$getVERSION_1_0$cp()
com.google.android.exoplayer2.ui.PlayerControlView: void setShowFastForwardButton(boolean)
androidx.window.layout.DisplayCompatHelperApi28
androidx.lifecycle.ViewModel: ViewModel()
androidx.recyclerview.widget.StaggeredGridLayoutManager: StaggeredGridLayoutManager(android.content.Context,android.util.AttributeSet,int,int)
kotlin.jvm.internal.CallableReference: kotlin.reflect.KVisibility getVisibility()
kotlinx.coroutines.internal.LockFreeLinkedListNode: java.lang.Object _removedRef
androidx.recyclerview.widget.RecyclerView: void setAdapter(androidx.recyclerview.widget.RecyclerView$Adapter)
androidx.window.layout.WindowMetricsCalculatorDecorator: androidx.window.layout.WindowMetricsCalculator decorate(androidx.window.layout.WindowMetricsCalculator)
io.flutter.embedding.engine.FlutterJNI: void nativeSetViewportMetrics(long,float,int,int,int,int,int,int,int,int,int,int,int,int,int,int,int,int[],int[],int[])
kotlin.coroutines.SafeContinuation