build/app/outputs/mapping/release/mapping.txt
# compiler: R8
# compiler_version: 2.1.62
# min_api: 16
# pg_map_id: d941445
# common_typos_disable
...
com.google.android.exoplayer2.-$$Lambda$ExoPlayerImpl$sm6DHehXOAZR700CQFEHrws-y28 -> h.b.a.a.t:
    com.google.android.exoplayer2.PlaybackInfo f$0 -> a
com.google.android.exoplayer2.-$$Lambda$ExoPlayerImpl$vzAEXLaLujZg9LhGC1OYVtDOYgQ -> h.b.a.a.u:
    int f$1 -> b
    com.google.android.exoplayer2.PlaybackInfo f$0 -> a
com.google.android.exoplayer2.-$$Lambda$ExoPlayerImpl$wOuchV6I8NE1yU-iXmMaL6JwyF8 -> h.b.a.a.v:
    com.google.android.exoplayer2.PlaybackInfo f$0 -> a
com.google.android.exoplayer2.-$$Lambda$ExoPlayerImplInternal$1_DjYPkjLUEXuPoxE5lNi4y5U_o -> h.b.a.a.w:
    com.google.android.exoplayer2.ExoPlayerImplInternal f$0 -> e
com.google.android.exoplayer2.-$$Lambda$ExoPlayerImplInternal$3HitbVL62UKYp7hLXQr7Za1RR_8 -> h.b.a.a.x:
    com.google.android.exoplayer2.PlayerMessage f$1 -> f
    com.google.android.exoplayer2.ExoPlayerImplInternal f$0 -> e
com.google.android.exoplayer2.-$$Lambda$MediaPeriodQueue$mWNPMcRbVVz2oDENMZzwGKF1Dk8 -> h.b.a.a.y:
    com.google.common.collect.ImmutableList$Builder f$1 -> f
    com.google.android.exoplayer2.source.MediaSource$MediaPeriodId f$2 -> g
    com.google.android.exoplayer2.MediaPeriodQueue f$0 -> e
com.google.android.exoplayer2.-$$Lambda$MediaSourceList$IvId91cF5h9kInKwFrUZDZ47tvc -> h.b.a.a.z:
    com.google.android.exoplayer2.MediaSourceList f$0 -> a
    void onSourceInfoRefreshed(com.google.android.exoplayer2.source.MediaSource,com.google.android.exoplayer2.Timeline) -> a
com.google.android.exoplayer2.-$$Lambda$QGK3w2sKGXRrbbWqydAyCvPG-bc -> h.b.a.a.a0:
    com.google.android.exoplayer2.-$$Lambda$QGK3w2sKGXRrbbWqydAyCvPG-bc INSTANCE -> e
com.google.android.exoplayer2.-$$Lambda$StreamVolumeManager$VolumeChangeReceiver$gbvsk3ezeqRi-ugOdxQIIjQLC1k -> h.b.a.a.b0:
    com.google.android.exoplayer2.StreamVolumeManager f$0 -> e
com.google.android.exoplayer2.AbstractConcatenatedTimeline -> h.b.a.a.c0:
    int childCount -> b
    com.google.android.exoplayer2.source.ShuffleOrder shuffleOrder -> c
    boolean isAtomic -> d
    int getNextChildIndex(int,boolean) -> A
    int getPreviousChildIndex(int,boolean) -> B
    com.google.android.exoplayer2.Timeline getTimelineByChildIndex(int) -> C
    int getFirstWindowIndex(boolean) -> a
    int getIndexOfPeriod(java.lang.Object) -> b
    int getLastWindowIndex(boolean) -> c
    int getNextWindowIndex(int,int,boolean) -> e
    com.google.android.exoplayer2.Timeline$Period getPeriod(int,com.google.android.exoplayer2.Timeline$Period,boolean) -> g
    com.google.android.exoplayer2.Timeline$Period getPeriodByUid(java.lang.Object,com.google.android.exoplayer2.Timeline$Period) -> h
    java.lang.Object getUidOfPeriod(int) -> l
    com.google.android.exoplayer2.Timeline$Window getWindow(int,com.google.android.exoplayer2.Timeline$Window,long) -> n
    int getChildIndexByChildUid(java.lang.Object) -> r
    int getChildIndexByPeriodIndex(int) -> s
    int getChildIndexByWindowIndex(int) -> t
    java.lang.Object getChildPeriodUidFromConcatenatedUid(java.lang.Object) -> u
    java.lang.Object getChildTimelineUidFromConcatenatedUid(java.lang.Object) -> v
    java.lang.Object getChildUidByChildIndex(int) -> w
    java.lang.Object getConcatenatedUid(java.lang.Object,java.lang.Object) -> x
    int getFirstPeriodIndexByChildIndex(int) -> y
com.google.android.exoplayer2.AudioBecomingNoisyManager -> h.b.a.a.d0:
    android.content.Context context -> a
    com.google.android.exoplayer2.AudioBecomingNoisyManager$AudioBecomingNoisyReceiver receiver -> b
    boolean receiverRegistered -> c
    boolean access$000(com.google.android.exoplayer2.AudioBecomingNoisyManager) -> a
    void setEnabled(boolean) -> b
com.google.android.exoplayer2.AudioBecomingNoisyManager$AudioBecomingNoisyReceiver -> h.b.a.a.d0$a:
    android.os.Handler eventHandler -> f
    com.google.android.exoplayer2.AudioBecomingNoisyManager this$0 -> g
    com.google.android.exoplayer2.AudioBecomingNoisyManager$EventListener listener -> e