build/app/outputs/mapping/release/usage.txt
com.example.demo1212.R$drawable
com.example.demo1212.R$integer
com.example.demo1212.R
com.example.demo1212.R$plurals
com.example.demo1212.BuildConfig
com.example.demo1212.R$dimen
com.example.demo1212.R$font
com.example.demo1212.R$mipmap
com.example.demo1212.R$layout
com.example.demo1212.R$color
com.example.demo1212.R$style
com.example.demo1212.R$string
com.example.demo1212.R$id
com.example.demo1212.R$styleable
com.example.demo1212.R$attr
com.example.demo1212.R$array
...
kotlinx.coroutines.flow.FlowKt__DistinctKt
kotlin.jvm.JvmPackageName
com.google.common.collect.ArrayTable$ArrayMap$2
com.google.android.exoplayer2.mediacodec.AsynchronousMediaCodecAdapter$Factory:
    public void <init>(int)
com.google.android.exoplayer2.extractor.ts.DefaultTsPayloadReaderFactory:
    public void <init>()
    public static final int FLAG_ALLOW_NON_IDR_KEYFRAMES
    public static final int FLAG_IGNORE_AAC_STREAM
    public static final int FLAG_IGNORE_H264_STREAM
    public static final int FLAG_DETECT_ACCESS_UNITS
    public static final int FLAG_IGNORE_SPLICE_INFO_STREAM
    public static final int FLAG_OVERRIDE_CAPTION_DESCRIPTORS
    public static final int FLAG_ENABLE_HDMV_DTS_AUDIO_STREAMS
    private static final int DESCRIPTOR_TAG_CAPTION_SERVICE
org.jetbrains.annotations.PropertyKey
androidx.annotation.FractionRes
com.google.common.reflect.Parameter
com.google.common.graph.AbstractDirectedNetworkConnections$1
io.flutter.embedding.engine.dart.DartExecutor$DartEntrypoint:
    public static io.flutter.embedding.engine.dart.DartExecutor$DartEntrypoint createDefault()
kotlinx.coroutines.FlowPreview
androidx.fragment.app.ListFragment$1
kotlin.ArrayIntrinsicsKt
com.github.florent37.assets_audio_player.UriResolver:
    public static final java.lang.String PREFIX_CONTENT
com.google.android.exoplayer2.audio.TeeAudioProcessor$AudioBufferSink
com.google.common.util.concurrent.JdkFutureAdapters
com.google.android.exoplayer2.ui.StyledPlayerControlView$SubSettingViewHolder
com.google.android.exoplayer2.source.chunk.MediaParserChunkExtractor$TrackOutputProviderAdapter
com.bumptech.glide.load.engine.bitmap_recycle.LruArrayPool:
    public void <init>()
    public void put(java.lang.Object,java.lang.Class)
    int getCurrentSize()
    private static final int DEFAULT_SIZE
    static final int MAX_OVER_SIZE_MULTIPLE
    private static final int SINGLE_ARRAY_MAX_SIZE_DIVISOR
com.google.common.collect.RegularContiguousSet
androidx.core.view.MenuItemCompat$1
com.google.common.collect.ImmutableCollection$ArrayBasedBuilder:
    public varargs com.google.common.collect.ImmutableCollection$Builder add(java.lang.Object[])
    public com.google.common.collect.ImmutableCollection$Builder addAll(java.lang.Iterable)
    public synthetic bridge com.google.common.collect.ImmutableCollection$Builder add(java.lang.Object)
kotlinx.coroutines.internal.ArrayQueue:
    public final void clear()
android.support.v4.media.MediaBrowserCompat$MediaBrowserImplBase$4
com.google.android.exoplayer2.extractor.rawcc.package-info